 ---=== Start Migration of project CITYVIZ ===---
 * Task [ResetMavenTemplateMigrationTask] : Applied successfully
 * Task [RefactoDeltaMergeOption] : Nothing to do
 * Task [Clean all metadata in poms folder] : Nothing to do
 * Task [AddKafkaExtraInfo] : Nothing to do
 * Task [Fix a problem of project resources linked to items] : Nothing to do
 * Task [SetGlobalTimestampOptionForPreviousVersions] : Nothing to do
 * Task [RenameSQLDWHMigrationTask] : Nothing to do
 * Task [ChangeDQComponentsLicenseKeyFieldTask] : Nothing to do
 * Task [ChangeJDBCConnectionsPropertiesMigrationTask] : Nothing to do
 * Task [CreateContextLinkMigrationTask] : Applied successfully
 * Task [UpdatetPersonatorOutputSchemaTask] : Nothing to do
 * Task [ChangeDefaultLoadMethod4tSynapseBulkExec] : Nothing to do
 * Task [ChangeDefaultDriverForMSSqlMigrationTask] : Nothing to do
 * Task [DbOperatorMigrationTask] : Nothing to do
 * Task [GoogleStorageSetDefaultAuthTypeMigrationTask] : Nothing to do
 * Task [RenameEXAMigrationTask] : Nothing to do
 * Task [Change MSSQL Default DBVersion] : Nothing to do
 * Task [BigQuerySetDefaultAuthTypeForGSMigrationTask] : Nothing to do
 * Task [CheckAzureBlobStorageKeepRemoteDirJavajetToTCOMPv0] : Nothing to do
 * Task [UpdateSeparatorAndEscapeForDatasetAPI] : Nothing to do
 * Task [TeradataTPTAddDatabaseNameToOptionalTablesMigrationTask] : Nothing to do
 * Task [SetDefaultPartSizeForTGSPutMigrationTask] : Nothing to do
 * Task [UncheckTrustAllMigrationTask] : Applied successfully
 * Task [EnabletPersonatorAddressBasicSettingTask] : Nothing to do
 * Task [UpdateModuleListInComponentsMigrationTask] : Nothing to do
 * Task [ChangeELTPostgresDbVersionMigrationTask] : Nothing to do
 * Task [SpecialUpdateELTDefaultNameMigrationTask] : Nothing to do
 * Task [RevertJDBCContextModeMappingFileValueMigrationTask] : Nothing to do
 * Task [UncheckUseExtraParameterMigrationTask] : Nothing to do
 * Task [SetDatasetCheckBoxGlobalOption] : Nothing to do
 * Task [ChangeDefaultDriver4GreenplumMigrationTask] : Nothing to do
 * Task [ChangeTMatchGroupConfidentWeightTypeTask] : Nothing to do
 * Task [FixModuleListInBDJDBCMigrationTask] : Nothing to do
 * Task [ChangeFileInputDynamicFieldLength] : Applied successfully
 * Task [SpecialUpdateELTEnableColumnAliasMigrationTask] : Nothing to do
 * Task [FixUpgradePasswordEncryptionAlg4ItemMigrationTask] : Nothing to do
 * Task [UpdateModuleListInComponents2MigrationTask] : Nothing to do
 * Task [SetUseLocalTimezone] : Nothing to do
 * Task [RemoveDefaultProxyIPTask] : Applied successfully
 * Task [ReplaceDefaultProxyIPMigrationTask] : Nothing to do
 * Task [ReplaceInheritCredentialCheckBoxWithDropDownListTask] : Nothing to do
 * Task [SetForceCopyFortFileCopy] : Nothing to do
 * Task [ChangeGreenplumDefaultDriverMigrationTask] : Nothing to do
 * Task [AddEncodingToPostParametersFortFileFetchMigrationTask] : Applied successfully
 * Task [RemoveDeprecateSASItemMigrationTask] : Nothing to do
 * Task [CheckLastModifyTFileCopyTask] : Nothing to do
 * Task [ReplaceInheritCredentialCheckBoxWithDropDownListTaskForRedshift] : Nothing to do
 * Task [UncheckBson2JsonTask] : Nothing to do
 * Task [RenameConnectionName4tSQSOutput] : Nothing to do
 * Task [ChangeDBVersion4tSAPConnection] : Nothing to do
 * Task [AddHourFormatToBigqueryBulkOutput] : Applied successfully
 * Task [SetDefaultValueForAttributesToElements] : Applied successfully
 * Task [UpdateEncryptTckMetadataMigrationTask] : Nothing to do
 * Task [AutoUpdateRelationsMigrationTask] : Applied successfully
 ---=== End of migration ===---
